<?xml version="1.0" encoding="UTF-8"?>
<!-- Generated by org.testng.reporters.JUnitXMLReporter -->
<testsuite ignored="0" hostname="LAPTOP-QLN70G90" failures="0" tests="4" name="Default test" time="0.116" errors="0" timestamp="2021-04-23T09:53:39 IST">
  <testcase classname="QualityKioskTraining.BankAccount.TestingForSalaryAccount" name="testDepositeFunctionWithDataProvider" time="0.012"/>
  <testcase classname="QualityKioskTraining.BankAccount.TestingForSalaryAccount" name="testDepositeFunctionWithDataProvider" time="0.002"/>
  <testcase classname="QualityKioskTraining.BankAccount.TestingForSalaryAccount" name="testWithdrawFunctionWithDataProvider" time="0.005"/>
  <testcase classname="QualityKioskTraining.BankAccount.TestingForSalaryAccount" name="testWithdrawFunctionWithDataProvider" time="0.002"/>
</testsuite> <!-- Default test -->
