<?xml version="1.0" encoding="UTF-8"?>
<!-- Generated by org.testng.reporters.JUnitXMLReporter -->
<testsuite ignored="0" hostname="LAPTOP-QLN70G90" failures="0" tests="4" name="Testing Salary Bank Account" time="0.089" errors="0" timestamp="2021-04-23T14:07:37 IST">
  <testcase classname="QualityKioskTraining.BankAccount.TestingForSalaryAccount" name="testDepositeFunctionWithDataProvider" time="0.002"/>
  <testcase classname="QualityKioskTraining.BankAccount.TestingForSalaryAccount" name="testDepositeFunctionWithDataProvider" time="0.002"/>
  <testcase classname="QualityKioskTraining.BankAccount.TestingForSalaryAccount" name="testWithdrawFunctionWithDataProvider" time="0.008"/>
  <testcase classname="QualityKioskTraining.BankAccount.TestingForSalaryAccount" name="testWithdrawFunctionWithDataProvider" time="0.005"/>
</testsuite> <!-- Testing Salary Bank Account -->
