<?xml version="1.0" encoding="UTF-8"?>
<!-- Generated by org.testng.reporters.JUnitXMLReporter -->
<testsuite ignored="0" hostname="LAPTOP-QLN70G90" failures="0" tests="6" name="Testing Savings Bank Account" time="0.184" errors="0" timestamp="2021-04-23T14:07:37 IST">
  <testcase classname="QualityKioskTraining.BankAccount.TestingForSavingsAccount" name="testForDepositeFunction" time="0.017"/>
  <testcase classname="QualityKioskTraining.BankAccount.TestingForSavingsAccount" name="withdrawalFunctionTest" time="0.003"/>
  <testcase classname="QualityKioskTraining.BankAccount.TestingForSavingsAccount" name="withdrawalFunctionWithValueGreaterThanBalance" time="0.003"/>
  <testcase classname="QualityKioskTraining.BankAccount.TestingForSavingsAccount" name="getBalance" time="0.002"/>
  <testcase classname="QualityKioskTraining.BankAccount.TestingForSavingsAccount" name="TestForRegression" time="0.002"/>
  <testcase classname="QualityKioskTraining.BankAccount.TestingForSavingsAccount" name="TestForSmoke" time="0.002"/>
</testsuite> <!-- Testing Savings Bank Account -->
